Build started 27/08/2015 20:35:01.
     1>Project "C:\Users\Vladislavs\Desktop\Projects\git\PasswordGenerator\PasswordGenerator\PasswordGenerator.vcxproj" on node 2 (rebuild target(s)).
     1>InitializeBuildStatus:
         Creating "Debug\PasswordGenerator.unsuccessfulbuild" because "AlwaysCreate" was specified.
       ClCompile:
         C:\Program Files (x86)\Microsoft Visual Studio 10.0\VC\bin\CL.exe /c /Zi /nologo /W3 /WX- /Od /Oy- /D _MBCS /Gm /EHsc /RTC1 /MDd /GS /fp:precise /Zc:wchar_t /Zc:forScope /Fo"Debug\\" /Fd"Debug\vc100.pdb" /Gd /TC /analyze- /errorReport:prompt filereader.c generatepw.c menu.c printstring.c runme.c verifypw.c
         verifypw.c
         runme.c
         printstring.c
         menu.c
         generatepw.c
         filereader.c
         Generating Code...
       Link:
         C:\Program Files (x86)\Microsoft Visual Studio 10.0\VC\bin\link.exe /ERRORREPORT:PROMPT /OUT:"C:\Users\Vladislavs\Desktop\Projects\git\PasswordGenerator\Debug\PasswordGenerator.exe" /NOLOGO kernel32.lib user32.lib gdi32.lib winspool.lib comdlg32.lib advapi32.lib shell32.lib ole32.lib oleaut32.lib uuid.lib odbc32.lib odbccp32.lib /MANIFEST /ManifestFile:"Debug\PasswordGenerator.exe.intermediate.manifest" /MANIFESTUAC:"level='asInvoker' uiAccess='false'" /DEBUG /PDB:"C:\Users\Vladislavs\Desktop\Projects\git\PasswordGenerator\Debug\PasswordGenerator.pdb" /TLBID:1 /DYNAMICBASE /NXCOMPAT /IMPLIB:"C:\Users\Vladislavs\Desktop\Projects\git\PasswordGenerator\Debug\PasswordGenerator.lib" /MACHINE:X86 Debug\filereader.obj
         Debug\generatepw.obj
         Debug\menu.obj
         Debug\printstring.obj
         Debug\runme.obj
         Debug\verifypw.obj
         PasswordGenerator.vcxproj -> C:\Users\Vladislavs\Desktop\Projects\git\PasswordGenerator\Debug\PasswordGenerator.exe
       Manifest:
         C:\Program Files (x86)\Microsoft SDKs\Windows\v7.0A\bin\mt.exe /nologo /verbose /outputresource:"C:\Users\Vladislavs\Desktop\Projects\git\PasswordGenerator\Debug\PasswordGenerator.exe;#1" /manifest Debug\PasswordGenerator.exe.intermediate.manifest
       FinalizeBuildStatus:
         Deleting file "Debug\PasswordGenerator.unsuccessfulbuild".
         Touching "Debug\PasswordGenerator.lastbuildstate".
     1>Done Building Project "C:\Users\Vladislavs\Desktop\Projects\git\PasswordGenerator\PasswordGenerator\PasswordGenerator.vcxproj" (rebuild target(s)).

Build succeeded.

Time Elapsed 00:00:01.76
